<?xml version="1.0" encoding="UTF-8"?>
<testsuite name="com.cd.acceptance.examples.bookshopping.ExampleMyLocalBookStoreAcceptanceTest" tests="1" skipped="0" failures="0" errors="0" timestamp="2022-09-26T21:46:22" hostname="Daves-M1X-MBP" time="0.013">
  <properties/>
  <testcase name="shouldAddBookToShoppingBasket" classname="com.cd.acceptance.examples.bookshopping.ExampleMyLocalBookStoreAcceptanceTest" time="0.013"/>
  <system-out><![CDATA[]]></system-out>
  <system-err><![CDATA[]]></system-err>
</testsuite>
